<?xml version="1.0" encoding="UTF-8"?>
<testng-results ignored="0" total="1" passed="1" failed="0" skipped="0">
  <reporter-output>
  </reporter-output>
  <suite started-at="2023-03-02T18:01:43 IST" name="Default suite" finished-at="2023-03-02T18:01:51 IST" duration-ms="8439">
    <groups>
    </groups>
    <test started-at="2023-03-02T18:01:43 IST" name="Default test" finished-at="2023-03-02T18:01:51 IST" duration-ms="8439">
      <class name="com.saama.test.LoginTest">
        <test-method is-config="true" signature="setup()[pri:0, instance:com.saama.test.LoginTest@4145bad8]" started-at="2023-03-02T18:01:43 IST" name="setup" finished-at="2023-03-02T18:01:49 IST" duration-ms="5851" status="PASS">
          <reporter-output>
          </reporter-output>
        </test-method> <!-- setup -->
        <test-method signature="loginTest()[pri:0, instance:com.saama.test.LoginTest@4145bad8]" started-at="2023-03-02T18:01:49 IST" name="loginTest" finished-at="2023-03-02T18:01:51 IST" duration-ms="2298" status="PASS">
          <reporter-output>
          </reporter-output>
        </test-method> <!-- loginTest -->
        <test-method is-config="true" signature="teardown()[pri:0, instance:com.saama.test.LoginTest@4145bad8]" started-at="2023-03-02T18:01:51 IST" name="teardown" finished-at="2023-03-02T18:01:51 IST" duration-ms="244" status="PASS">
          <reporter-output>
          </reporter-output>
        </test-method> <!-- teardown -->
      </class> <!-- com.saama.test.LoginTest -->
    </test> <!-- Default test -->
  </suite> <!-- Default suite -->
</testng-results>
